0 info it worked if it ends with ok
1 verbose cli [
1 verbose cli   'C:\\Program Files\\nodejs\\node.exe',
1 verbose cli   'C:\\Users\\ElMaps\\AppData\\Roaming\\npm\\node_modules\\npm\\bin\\npm-cli.js',
1 verbose cli   'start'
1 verbose cli ]
2 info using npm@3.10.7
3 info using node@v12.13.0
4 verbose run-script [ 'prestart', 'start', 'poststart' ]
5 info lifecycle orpama@1.0.0~prestart: orpama@1.0.0
6 silly lifecycle orpama@1.0.0~prestart: no script for prestart, continuing
7 info lifecycle orpama@1.0.0~start: orpama@1.0.0
8 verbose lifecycle orpama@1.0.0~start: unsafe-perm in lifecycle true
9 verbose lifecycle orpama@1.0.0~start: PATH: C:\Users\ElMaps\AppData\Roaming\npm\node_modules\npm\bin\node-gyp-bin;C:\Users\ElMaps\Downloads\orpama\orpama\node_modules\.bin;C:\Program Files (x86)\Common Files\Oracle\Java\javapath;C:\Windows\system32;C:\Windows;C:\Windows\System32\Wbem;C:\Windows\System32\WindowsPowerShell\v1.0\;C:\Program Files (x86)\Intel\OpenCL SDK\2.0\bin\x86;C:\Program Files (x86)\Intel\OpenCL SDK\2.0\bin\x64;C:\Program Files (x86)\Bitvise SSH Client;C:\Program Files\Intel\WiFi\bin\;C:\Program Files\Common Files\Intel\WirelessCommon\;C:\Program Files (x86)\Microsoft SQL Server\Client SDK\ODBC\130\Tools\Binn\;C:\Program Files (x86)\Microsoft SQL Server\140\Tools\Binn\;C:\Program Files (x86)\Microsoft SQL Server\140\DTS\Binn\;C:\Program Files (x86)\Microsoft SQL Server\140\Tools\Binn\ManagementStudio\;C:\Program Files (x86)\GitExtensions\;C:\Program Files\Git\cmd;C:\Program Files (x86)\Intel\OpenCL SDK\2.0\bin\x86;C:\Program Files (x86)\Intel\OpenCL SDK\2.0\bin\x64;C:\Program Files\nodejs\;C:\Program Files\dotnet\;C:\Users\ElMaps\AppData\Local\Programs\Python\Python38-32\Scripts\;C:\Users\ElMaps\AppData\Local\Programs\Python\Python38-32\;C:\Program Files\Intel\WiFi\bin\;C:\Program Files\Common Files\Intel\WirelessCommon\;C:\Users\ElMaps\AppData\Local\GitHubDesktop\bin;C:\Users\ElMaps\AppData\Roaming\npm;C:\Program Files\Microsoft VS Code\bin
10 verbose lifecycle orpama@1.0.0~start: CWD: C:\Users\ElMaps\Downloads\orpama\orpama
11 silly lifecycle orpama@1.0.0~start: Args: [ '/d /s /c', 'node server.js' ]
12 verbose stack Error: kill ENOSYS
12 verbose stack     at process.kill (internal/process/per_thread.js:189:13)
12 verbose stack     at process.listener (C:\Users\ElMaps\AppData\Roaming\npm\node_modules\npm\node_modules\npmlog\node_modules\gauge\node_modules\signal-exit\index.js:86:15)
12 verbose stack     at process.emit (events.js:210:5)
13 verbose cwd C:\Users\ElMaps\Downloads\orpama\orpama
14 error Windows_NT 6.1.7601
15 error argv "C:\\Program Files\\nodejs\\node.exe" "C:\\Users\\ElMaps\\AppData\\Roaming\\npm\\node_modules\\npm\\bin\\npm-cli.js" "start"
16 error node v12.13.0
17 error npm  v3.10.7
18 error code ENOSYS
19 error errno ENOSYS
20 error syscall kill
21 error kill ENOSYS
22 error If you need help, you may report this error at:
22 error     <https://github.com/npm/npm/issues>
23 verbose exit [ 1, true ]
